<?xml version="1.0" encoding="UTF-8" standalone="no"?>
<!DOCTYPE log SYSTEM "logger.dtd">
<log>
<record>
  <date>2025-02-20T13:36:14.004036600Z</date>
  <millis>1740058574004</millis>
  <nanos>36600</nanos>
  <sequence>0</sequence>
  <level>START</level>
  <class>com.kms.katalon.core.logging.XmlKeywordLogger</class>
  <method>startSuite</method>
  <thread>1</thread>
  <message>Start Test Suite : Test Suites/CHC_Instance/PointofSale_Module/TS1_POS_CashSale_CHC</message>
  <nestedLevel>0</nestedLevel>
  <escapedJava>false</escapedJava>
  <property name="rerunTestFailImmediately">true</property>
  <property name="retryCount">3</property>
  <property name="name">TS1_POS_CashSale_CHC</property>
  <property name="description"></property>
  <property name="id">Test Suites/CHC_Instance/PointofSale_Module/TS1_POS_CashSale_CHC</property>
</record>
<record>
  <date>2025-02-20T13:36:14.031885400Z</date>
  <millis>1740058574031</millis>
  <nanos>885400</nanos>
  <sequence>1</sequence>
  <level>RUN_DATA</level>
  <class>com.kms.katalon.core.logging.XmlKeywordLogger</class>
  <method>logMessage</method>
  <thread>1</thread>
  <message>hostName = azureuser - 10.192.8.5</message>
  <nestedLevel>0</nestedLevel>
  <escapedJava>false</escapedJava>
  <property name="hostName">azureuser - 10.192.8.5</property>
</record>
<record>
  <date>2025-02-20T13:36:14.032885400Z</date>
  <millis>1740058574032</millis>
  <nanos>885400</nanos>
  <sequence>2</sequence>
  <level>RUN_DATA</level>
  <class>com.kms.katalon.core.logging.XmlKeywordLogger</class>
  <method>logMessage</method>
  <thread>1</thread>
  <message>os = Windows 11 64bit</message>
  <nestedLevel>0</nestedLevel>
  <escapedJava>false</escapedJava>
  <property name="os">Windows 11 64bit</property>
</record>
<record>
  <date>2025-02-20T13:36:14.034901400Z</date>
  <millis>1740058574034</millis>
  <nanos>901400</nanos>
  <sequence>3</sequence>
  <level>RUN_DATA</level>
  <class>com.kms.katalon.core.logging.XmlKeywordLogger</class>
  <method>logMessage</method>
  <thread>1</thread>
  <message>hostAddress = 10.192.8.5</message>
  <nestedLevel>0</nestedLevel>
  <escapedJava>false</escapedJava>
  <property name="hostAddress">10.192.8.5</property>
</record>
<record>
  <date>2025-02-20T13:36:14.035884400Z</date>
  <millis>1740058574035</millis>
  <nanos>884400</nanos>
  <sequence>4</sequence>
  <level>RUN_DATA</level>
  <class>com.kms.katalon.core.logging.XmlKeywordLogger</class>
  <method>logMessage</method>
  <thread>1</thread>
  <message>katalonVersion = 9.7.2.223</message>
  <nestedLevel>0</nestedLevel>
  <escapedJava>false</escapedJava>
  <property name="katalonVersion">9.7.2.223</property>
</record>
<record>
  <date>2025-02-20T13:36:14.331852700Z</date>
  <millis>1740058574331</millis>
  <nanos>852700</nanos>
  <sequence>5</sequence>
  <level>START</level>
  <class>com.kms.katalon.core.logging.XmlKeywordLogger</class>
  <method>startTest</method>
  <thread>1</thread>
  <message>Start Test Case : Test Cases/CHC_Instance/PointofSale_Module/TS1_POS_CashSale/POS_CashSale_CHC</message>
  <nestedLevel>1</nestedLevel>
  <escapedJava>false</escapedJava>
  <property name="remainingRetryCount">3</property>
  <property name="name">Test Cases/CHC_Instance/PointofSale_Module/TS1_POS_CashSale/POS_CashSale_CHC</property>
  <property name="description"></property>
  <property name="iteration"></property>
  <property name="id">Test Cases/CHC_Instance/PointofSale_Module/TS1_POS_CashSale/POS_CashSale_CHC</property>
  <property name="source">C:\Users\azureuser\git\frameworks-regression-test-automation\Test Cases\CHC_Instance\PointofSale_Module\TS1_POS_CashSale\POS_CashSale_CHC.tc</property>
  <property name="tag"></property>
  <property name="isOptional">false</property>
  <property name="currentRetryCount">0</property>
</record>
<record>
  <date>2025-02-20T13:36:14.514855200Z</date>
  <millis>1740058574514</millis>
  <nanos>855200</nanos>
  <sequence>7</sequence>
  <level>INFO</level>
  <class>com.kms.katalon.core.logging.XmlKeywordLogger</class>
  <method>logMessage</method>
  <thread>1</thread>
  <message>(Default) userName = manaki</message>
  <nestedLevel>1</nestedLevel>
  <escapedJava>false</escapedJava>
</record>
<record>
  <date>2025-02-20T13:36:14.586708900Z</date>
  <millis>1740058574586</millis>
  <nanos>708900</nanos>
  <sequence>8</sequence>
  <level>INFO</level>
  <class>com.kms.katalon.core.logging.XmlKeywordLogger</class>
  <method>logMessage</method>
  <thread>1</thread>
  <message>(Default) CHC_Demo = </message>
  <nestedLevel>1</nestedLevel>
  <escapedJava>false</escapedJava>
</record>
<record>
  <date>2025-02-20T13:36:14.619891Z</date>
  <millis>1740058574619</millis>
  <nanos>891000</nanos>
  <sequence>9</sequence>
  <level>INFO</level>
  <class>com.kms.katalon.core.logging.XmlKeywordLogger</class>
  <method>logMessage</method>
  <thread>1</thread>
  <message>(Default) Source_Env = C:\Users\azureuser\Documents\FrameworksAutomationTesting\TestData\Frameworks_Environments\FWKs_TestEnvironment_TestData.xlsx</message>
  <nestedLevel>1</nestedLevel>
  <escapedJava>false</escapedJava>
</record>
<record>
  <date>2025-02-20T13:36:15.357528900Z</date>
  <millis>1740058575357</millis>
  <nanos>528900</nanos>
  <sequence>10</sequence>
  <level>START</level>
  <class>com.kms.katalon.core.logging.XmlKeywordLogger</class>
  <method>startKeyword</method>
  <thread>1</thread>
  <message>Start action : sourceTestData_FwksEnv = new java.io.FileInputStream(Source_Env)</message>
  <nestedLevel>1</nestedLevel>
  <escapedJava>false</escapedJava>
  <property name="startLine">27</property>
  <property name="stepIndex">1</property>
</record>
<record>
  <date>2025-02-20T13:36:15.403524800Z</date>
  <millis>1740058575403</millis>
  <nanos>524800</nanos>
  <sequence>11</sequence>
  <level>END</level>
  <class>com.kms.katalon.core.logging.XmlKeywordLogger</class>
  <method>endKeyword</method>
  <thread>1</thread>
  <message>End action : sourceTestData_FwksEnv = new java.io.FileInputStream(Source_Env)</message>
  <nestedLevel>1</nestedLevel>
  <escapedJava>false</escapedJava>
</record>
<record>
  <date>2025-02-20T13:36:15.405529800Z</date>
  <millis>1740058575405</millis>
  <nanos>529800</nanos>
  <sequence>12</sequence>
  <level>START</level>
  <class>com.kms.katalon.core.logging.XmlKeywordLogger</class>
  <method>startKeyword</method>
  <thread>1</thread>
  <message>Start action : sourceTestDataContainer_workbook = new org.apache.poi.xssf.usermodel.XSSFWorkbook(sourceTestData_FwksEnv)</message>
  <nestedLevel>1</nestedLevel>
  <escapedJava>false</escapedJava>
  <property name="startLine">29</property>
  <property name="stepIndex">2</property>
</record>
<record>
  <date>2025-02-20T13:36:16.520535500Z</date>
  <millis>1740058576520</millis>
  <nanos>535500</nanos>
  <sequence>13</sequence>
  <level>END</level>
  <class>com.kms.katalon.core.logging.XmlKeywordLogger</class>
  <method>endKeyword</method>
  <thread>1</thread>
  <message>End action : sourceTestDataContainer_workbook = new org.apache.poi.xssf.usermodel.XSSFWorkbook(sourceTestData_FwksEnv)</message>
  <nestedLevel>1</nestedLevel>
  <escapedJava>false</escapedJava>
</record>
<record>
  <date>2025-02-20T13:36:16.522535400Z</date>
  <millis>1740058576522</millis>
  <nanos>535400</nanos>
  <sequence>14</sequence>
  <level>START</level>
  <class>com.kms.katalon.core.logging.XmlKeywordLogger</class>
  <method>startKeyword</method>
  <thread>1</thread>
  <message>Start action : sourceTestData_sheet = sourceTestDataContainer_workbook.getSheet(&amp;quot;Sheet1&amp;quot;)</message>
  <nestedLevel>1</nestedLevel>
  <escapedJava>false</escapedJava>
  <property name="startLine">31</property>
  <property name="stepIndex">3</property>
</record>
<record>
  <date>2025-02-20T13:36:16.531535Z</date>
  <millis>1740058576531</millis>
  <nanos>535000</nanos>
  <sequence>15</sequence>
  <level>END</level>
  <class>com.kms.katalon.core.logging.XmlKeywordLogger</class>
  <method>endKeyword</method>
  <thread>1</thread>
  <message>End action : sourceTestData_sheet = sourceTestDataContainer_workbook.getSheet(&amp;quot;Sheet1&amp;quot;)</message>
  <nestedLevel>1</nestedLevel>
  <escapedJava>false</escapedJava>
</record>
<record>
  <date>2025-02-20T13:36:16.532602700Z</date>
  <millis>1740058576532</millis>
  <nanos>602700</nanos>
  <sequence>16</sequence>
  <level>START</level>
  <class>com.kms.katalon.core.logging.XmlKeywordLogger</class>
  <method>startKeyword</method>
  <thread>1</thread>
  <message>Start action : currentSheet_row = sourceTestData_sheet.getRow(2)</message>
  <nestedLevel>1</nestedLevel>
  <escapedJava>false</escapedJava>
  <property name="startLine">34</property>
  <property name="stepIndex">4</property>
</record>
<record>
  <date>2025-02-20T13:36:16.636832700Z</date>
  <millis>1740058576636</millis>
  <nanos>832700</nanos>
  <sequence>17</sequence>
  <level>END</level>
  <class>com.kms.katalon.core.logging.XmlKeywordLogger</class>
  <method>endKeyword</method>
  <thread>1</thread>
  <message>End action : currentSheet_row = sourceTestData_sheet.getRow(2)</message>
  <nestedLevel>1</nestedLevel>
  <escapedJava>false</escapedJava>
</record>
<record>
  <date>2025-02-20T13:36:16.649832500Z</date>
  <millis>1740058576649</millis>
  <nanos>832500</nanos>
  <sequence>18</sequence>
  <level>START</level>
  <class>com.kms.katalon.core.logging.XmlKeywordLogger</class>
  <method>startKeyword</method>
  <thread>1</thread>
  <message>Start action : currentSheet_cell = currentSheet_row.getCell(1)</message>
  <nestedLevel>1</nestedLevel>
  <escapedJava>false</escapedJava>
  <property name="startLine">36</property>
  <property name="stepIndex">5</property>
</record>
<record>
  <date>2025-02-20T13:36:16.694832900Z</date>
  <millis>1740058576694</millis>
  <nanos>832900</nanos>
  <sequence>19</sequence>
  <level>END</level>
  <class>com.kms.katalon.core.logging.XmlKeywordLogger</class>
  <method>endKeyword</method>
  <thread>1</thread>
  <message>End action : currentSheet_cell = currentSheet_row.getCell(1)</message>
  <nestedLevel>1</nestedLevel>
  <escapedJava>false</escapedJava>
</record>
<record>
  <date>2025-02-20T13:36:16.696832900Z</date>
  <millis>1740058576696</millis>
  <nanos>832900</nanos>
  <sequence>20</sequence>
  <level>START</level>
  <class>com.kms.katalon.core.logging.XmlKeywordLogger</class>
  <method>startKeyword</method>
  <thread>1</thread>
  <message>Start action : CHC_Demo = currentSheet_cell.getStringCellValue()</message>
  <nestedLevel>1</nestedLevel>
  <escapedJava>false</escapedJava>
  <property name="startLine">39</property>
  <property name="stepIndex">6</property>
</record>
<record>
  <date>2025-02-20T13:36:16.800983500Z</date>
  <millis>1740058576800</millis>
  <nanos>983500</nanos>
  <sequence>21</sequence>
  <level>END</level>
  <class>com.kms.katalon.core.logging.XmlKeywordLogger</class>
  <method>endKeyword</method>
  <thread>1</thread>
  <message>End action : CHC_Demo = currentSheet_cell.getStringCellValue()</message>
  <nestedLevel>1</nestedLevel>
  <escapedJava>false</escapedJava>
</record>
<record>
  <date>2025-02-20T13:36:16.801983100Z</date>
  <millis>1740058576801</millis>
  <nanos>983100</nanos>
  <sequence>22</sequence>
  <level>START</level>
  <class>com.kms.katalon.core.logging.XmlKeywordLogger</class>
  <method>startKeyword</method>
  <thread>1</thread>
  <message>Start action : println(CHC_Demo)</message>
  <nestedLevel>1</nestedLevel>
  <escapedJava>false</escapedJava>
  <property name="startLine">41</property>
  <property name="stepIndex">7</property>
</record>
<record>
  <date>2025-02-20T13:36:16.827990100Z</date>
  <millis>1740058576827</millis>
  <nanos>990100</nanos>
  <sequence>23</sequence>
  <level>END</level>
  <class>com.kms.katalon.core.logging.XmlKeywordLogger</class>
  <method>endKeyword</method>
  <thread>1</thread>
  <message>End action : println(CHC_Demo)</message>
  <nestedLevel>1</nestedLevel>
  <escapedJava>false</escapedJava>
</record>
<record>
  <date>2025-02-20T13:36:16.828984100Z</date>
  <millis>1740058576828</millis>
  <nanos>984100</nanos>
  <sequence>24</sequence>
  <level>START</level>
  <class>com.kms.katalon.core.logging.XmlKeywordLogger</class>
  <method>startKeyword</method>
  <thread>1</thread>
  <message>Start action : sourceTestData_FwksEnv.close()</message>
  <nestedLevel>1</nestedLevel>
  <escapedJava>false</escapedJava>
  <property name="startLine">43</property>
  <property name="stepIndex">8</property>
</record>
<record>
  <date>2025-02-20T13:36:16.839983300Z</date>
  <millis>1740058576839</millis>
  <nanos>983300</nanos>
  <sequence>25</sequence>
  <level>END</level>
  <class>com.kms.katalon.core.logging.XmlKeywordLogger</class>
  <method>endKeyword</method>
  <thread>1</thread>
  <message>End action : sourceTestData_FwksEnv.close()</message>
  <nestedLevel>1</nestedLevel>
  <escapedJava>false</escapedJava>
</record>
<record>
  <date>2025-02-20T13:36:16.848982200Z</date>
  <millis>1740058576848</millis>
  <nanos>982200</nanos>
  <sequence>26</sequence>
  <level>START</level>
  <class>com.kms.katalon.core.logging.XmlKeywordLogger</class>
  <method>startKeyword</method>
  <thread>1</thread>
  <message>Start action : openBrowser(&amp;quot;&amp;quot;)</message>
  <nestedLevel>1</nestedLevel>
  <escapedJava>false</escapedJava>
  <property name="startLine">45</property>
  <property name="stepIndex">9</property>
</record>
<record>
  <date>2025-02-20T13:36:17.552348400Z</date>
  <millis>1740058577552</millis>
  <nanos>348400</nanos>
  <sequence>28</sequence>
  <level>INFO</level>
  <class>com.kms.katalon.core.logging.XmlKeywordLogger</class>
  <method>logMessage</method>
  <thread>1</thread>
  <message>User set preference: [&amp;apos;os&amp;apos;, &amp;apos;windows&amp;apos;]</message>
  <nestedLevel>1</nestedLevel>
  <escapedJava>false</escapedJava>
</record>
<record>
  <date>2025-02-20T13:36:17.554504Z</date>
  <millis>1740058577554</millis>
  <nanos>504000</nanos>
  <sequence>29</sequence>
  <level>INFO</level>
  <class>com.kms.katalon.core.logging.XmlKeywordLogger</class>
  <method>logMessage</method>
  <thread>1</thread>
  <message>User set preference: [&amp;apos;browserVersion&amp;apos;, &amp;apos;135&amp;apos;]</message>
  <nestedLevel>1</nestedLevel>
  <escapedJava>false</escapedJava>
</record>
<record>
  <date>2025-02-20T13:36:17.554504Z</date>
  <millis>1740058577554</millis>
  <nanos>504000</nanos>
  <sequence>30</sequence>
  <level>INFO</level>
  <class>com.kms.katalon.core.logging.XmlKeywordLogger</class>
  <method>logMessage</method>
  <thread>1</thread>
  <message>User set preference: [&amp;apos;browserName&amp;apos;, &amp;apos;chrome&amp;apos;]</message>
  <nestedLevel>1</nestedLevel>
  <escapedJava>false</escapedJava>
</record>
<record>
  <date>2025-02-20T13:36:17.554504Z</date>
  <millis>1740058577554</millis>
  <nanos>504000</nanos>
  <sequence>31</sequence>
  <level>INFO</level>
  <class>com.kms.katalon.core.logging.XmlKeywordLogger</class>
  <method>logMessage</method>
  <thread>1</thread>
  <message>User set preference: [&amp;apos;katalon:option&amp;apos;, &amp;apos;{organizationId=1615143, usingTunnel=false}&amp;apos;]</message>
  <nestedLevel>1</nestedLevel>
  <escapedJava>false</escapedJava>
</record>
<record>
  <date>2025-02-20T13:36:17.565568600Z</date>
  <millis>1740058577565</millis>
  <nanos>568600</nanos>
  <sequence>32</sequence>
  <level>INFO</level>
  <class>com.kms.katalon.core.logging.XmlKeywordLogger</class>
  <method>logMessage</method>
  <thread>1</thread>
  <message>Connecting to remote web server &amp;apos;testcloud.katalon.com/hub&amp;apos; with type &amp;apos;Selenium&amp;apos;</message>
  <nestedLevel>1</nestedLevel>
  <escapedJava>false</escapedJava>
</record>
<record>
  <date>2025-02-20T13:36:18.015916400Z</date>
  <millis>1740058578015</millis>
  <nanos>916400</nanos>
  <sequence>33</sequence>
  <level>INFO</level>
  <class>com.kms.katalon.core.logging.XmlKeywordLogger</class>
  <method>logMessage</method>
  <thread>1</thread>
  <message>Action delay is set to 0 milliseconds</message>
  <nestedLevel>1</nestedLevel>
  <escapedJava>false</escapedJava>
</record>
