<?xml version="1.0" encoding="UTF-8" standalone="no"?>
<!DOCTYPE log SYSTEM "logger.dtd">
<log>
<record>
  <date>2024-11-15T06:13:18.355149900Z</date>
  <millis>1731651198355</millis>
  <nanos>149900</nanos>
  <sequence>0</sequence>
  <level>START</level>
  <class>com.kms.katalon.core.logging.XmlKeywordLogger</class>
  <method>startSuite</method>
  <thread>1</thread>
  <message>Start Test Suite : Test Suites/Nortruss instance/PointofSale_Module/TS5_POS_CashRefund_Full_StockReturn_NT</message>
  <nestedLevel>0</nestedLevel>
  <escapedJava>false</escapedJava>
  <property name="rerunTestFailImmediately">true</property>
  <property name="retryCount">3</property>
  <property name="name">TS5_POS_CashRefund_Full_StockReturn_NT</property>
  <property name="description"></property>
  <property name="id">Test Suites/Nortruss instance/PointofSale_Module/TS5_POS_CashRefund_Full_StockReturn_NT</property>
</record>
<record>
  <date>2024-11-15T06:13:18.384147800Z</date>
  <millis>1731651198384</millis>
  <nanos>147800</nanos>
  <sequence>1</sequence>
  <level>RUN_DATA</level>
  <class>com.kms.katalon.core.logging.XmlKeywordLogger</class>
  <method>logMessage</method>
  <thread>1</thread>
  <message>hostName = azureuser - 10.192.8.5</message>
  <nestedLevel>0</nestedLevel>
  <escapedJava>false</escapedJava>
  <property name="hostName">azureuser - 10.192.8.5</property>
</record>
<record>
  <date>2024-11-15T06:13:18.385146600Z</date>
  <millis>1731651198385</millis>
  <nanos>146600</nanos>
  <sequence>2</sequence>
  <level>RUN_DATA</level>
  <class>com.kms.katalon.core.logging.XmlKeywordLogger</class>
  <method>logMessage</method>
  <thread>1</thread>
  <message>os = Windows 11 64bit</message>
  <nestedLevel>0</nestedLevel>
  <escapedJava>false</escapedJava>
  <property name="os">Windows 11 64bit</property>
</record>
<record>
  <date>2024-11-15T06:13:18.385146600Z</date>
  <millis>1731651198385</millis>
  <nanos>146600</nanos>
  <sequence>3</sequence>
  <level>RUN_DATA</level>
  <class>com.kms.katalon.core.logging.XmlKeywordLogger</class>
  <method>logMessage</method>
  <thread>1</thread>
  <message>hostAddress = 10.192.8.5</message>
  <nestedLevel>0</nestedLevel>
  <escapedJava>false</escapedJava>
  <property name="hostAddress">10.192.8.5</property>
</record>
<record>
  <date>2024-11-15T06:13:18.386148300Z</date>
  <millis>1731651198386</millis>
  <nanos>148300</nanos>
  <sequence>4</sequence>
  <level>RUN_DATA</level>
  <class>com.kms.katalon.core.logging.XmlKeywordLogger</class>
  <method>logMessage</method>
  <thread>1</thread>
  <message>katalonVersion = 9.7.2.223</message>
  <nestedLevel>0</nestedLevel>
  <escapedJava>false</escapedJava>
  <property name="katalonVersion">9.7.2.223</property>
</record>
<record>
  <date>2024-11-15T06:13:18.659152600Z</date>
  <millis>1731651198659</millis>
  <nanos>152600</nanos>
  <sequence>5</sequence>
  <level>START</level>
  <class>com.kms.katalon.core.logging.XmlKeywordLogger</class>
  <method>startTest</method>
  <thread>1</thread>
  <message>Start Test Case : Test Cases/Nortruss Instance/PointofSale_Module/TS1_POS_CashSale/POS Cash Sale-2014086(TS5)</message>
  <nestedLevel>1</nestedLevel>
  <escapedJava>false</escapedJava>
  <property name="remainingRetryCount">3</property>
  <property name="name">Test Cases/Nortruss Instance/PointofSale_Module/TS1_POS_CashSale/POS Cash Sale-2014086(TS5)</property>
  <property name="description"></property>
  <property name="iteration"></property>
  <property name="id">Test Cases/Nortruss Instance/PointofSale_Module/TS1_POS_CashSale/POS Cash Sale-2014086(TS5)</property>
  <property name="source">C:\Users\azureuser\git\frameworks-regression-test-automation\Test Cases\Nortruss Instance\PointofSale_Module\TS1_POS_CashSale\POS Cash Sale-2014086(TS5).tc</property>
  <property name="tag"></property>
  <property name="isOptional">false</property>
  <property name="currentRetryCount">0</property>
</record>
<record>
  <date>2024-11-15T06:13:18.830155900Z</date>
  <millis>1731651198830</millis>
  <nanos>155900</nanos>
  <sequence>7</sequence>
  <level>INFO</level>
  <class>com.kms.katalon.core.logging.XmlKeywordLogger</class>
  <method>logMessage</method>
  <thread>1</thread>
  <message>(Default) userName = manaki</message>
  <nestedLevel>1</nestedLevel>
  <escapedJava>false</escapedJava>
</record>
<record>
  <date>2024-11-15T06:13:18.881172300Z</date>
  <millis>1731651198881</millis>
  <nanos>172300</nanos>
  <sequence>8</sequence>
  <level>INFO</level>
  <class>com.kms.katalon.core.logging.XmlKeywordLogger</class>
  <method>logMessage</method>
  <thread>1</thread>
  <message>(Default) invoiceNum = </message>
  <nestedLevel>1</nestedLevel>
  <escapedJava>false</escapedJava>
</record>
<record>
  <date>2024-11-15T06:13:18.882155800Z</date>
  <millis>1731651198882</millis>
  <nanos>155800</nanos>
  <sequence>9</sequence>
  <level>INFO</level>
  <class>com.kms.katalon.core.logging.XmlKeywordLogger</class>
  <method>logMessage</method>
  <thread>1</thread>
  <message>(Default) invoiceNumCheck = </message>
  <nestedLevel>1</nestedLevel>
  <escapedJava>false</escapedJava>
</record>
<record>
  <date>2024-11-15T06:13:18.905158800Z</date>
  <millis>1731651198905</millis>
  <nanos>158800</nanos>
  <sequence>10</sequence>
  <level>INFO</level>
  <class>com.kms.katalon.core.logging.XmlKeywordLogger</class>
  <method>logMessage</method>
  <thread>1</thread>
  <message>(Default) ExcelFile = C:\Users\azureuser\Documents\FrameworksAutomationTesting\TestData\NT_Instance\POS_Module\TS5_POS_CashRefundFull_testdata.xlsx</message>
  <nestedLevel>1</nestedLevel>
  <escapedJava>false</escapedJava>
</record>
