<?xml version="1.0" encoding="UTF-8" standalone="no"?>
<!DOCTYPE log SYSTEM "logger.dtd">
<log>
<record>
  <date>2025-01-06T14:18:40.505141800Z</date>
  <millis>1736173120505</millis>
  <nanos>141800</nanos>
  <sequence>0</sequence>
  <level>START</level>
  <class>com.kms.katalon.core.logging.XmlKeywordLogger</class>
  <method>startSuite</method>
  <thread>1</thread>
  <message>Start Test Suite : Test Suites/CHC_Instance/PurchaseOrder_Module/PO_PurchaseOrder_Stock_CHC</message>
  <nestedLevel>0</nestedLevel>
  <escapedJava>false</escapedJava>
  <property name="rerunTestFailImmediately">true</property>
  <property name="retryCount">3</property>
  <property name="name">PO_PurchaseOrder_Stock_CHC</property>
  <property name="description"></property>
  <property name="id">Test Suites/CHC_Instance/PurchaseOrder_Module/PO_PurchaseOrder_Stock_CHC</property>
</record>
<record>
  <date>2025-01-06T14:18:40.561158100Z</date>
  <millis>1736173120561</millis>
  <nanos>158100</nanos>
  <sequence>1</sequence>
  <level>RUN_DATA</level>
  <class>com.kms.katalon.core.logging.XmlKeywordLogger</class>
  <method>logMessage</method>
  <thread>1</thread>
  <message>hostName = azureuser - 10.192.8.5</message>
  <nestedLevel>0</nestedLevel>
  <escapedJava>false</escapedJava>
  <property name="hostName">azureuser - 10.192.8.5</property>
</record>
<record>
  <date>2025-01-06T14:18:40.565254100Z</date>
  <millis>1736173120565</millis>
  <nanos>254100</nanos>
  <sequence>2</sequence>
  <level>RUN_DATA</level>
  <class>com.kms.katalon.core.logging.XmlKeywordLogger</class>
  <method>logMessage</method>
  <thread>1</thread>
  <message>os = Windows 11 64bit</message>
  <nestedLevel>0</nestedLevel>
  <escapedJava>false</escapedJava>
  <property name="os">Windows 11 64bit</property>
</record>
<record>
  <date>2025-01-06T14:18:40.567140300Z</date>
  <millis>1736173120567</millis>
  <nanos>140300</nanos>
  <sequence>3</sequence>
  <level>RUN_DATA</level>
  <class>com.kms.katalon.core.logging.XmlKeywordLogger</class>
  <method>logMessage</method>
  <thread>1</thread>
  <message>hostAddress = 10.192.8.5</message>
  <nestedLevel>0</nestedLevel>
  <escapedJava>false</escapedJava>
  <property name="hostAddress">10.192.8.5</property>
</record>
<record>
  <date>2025-01-06T14:18:40.569141700Z</date>
  <millis>1736173120569</millis>
  <nanos>141700</nanos>
  <sequence>4</sequence>
  <level>RUN_DATA</level>
  <class>com.kms.katalon.core.logging.XmlKeywordLogger</class>
  <method>logMessage</method>
  <thread>1</thread>
  <message>katalonVersion = 9.7.2.223</message>
  <nestedLevel>0</nestedLevel>
  <escapedJava>false</escapedJava>
  <property name="katalonVersion">9.7.2.223</property>
</record>
<record>
  <date>2025-01-06T14:18:41.004144500Z</date>
  <millis>1736173121004</millis>
  <nanos>144500</nanos>
  <sequence>5</sequence>
  <level>START</level>
  <class>com.kms.katalon.core.logging.XmlKeywordLogger</class>
  <method>startTest</method>
  <thread>1</thread>
  <message>Start Test Case : Test Cases/CHC_Instance/PurchaseOrder_Module/PO_Stock_PurcahseOrder_CHC</message>
  <nestedLevel>1</nestedLevel>
  <escapedJava>false</escapedJava>
  <property name="remainingRetryCount">3</property>
  <property name="name">Test Cases/CHC_Instance/PurchaseOrder_Module/PO_Stock_PurcahseOrder_CHC</property>
  <property name="description"></property>
  <property name="iteration"></property>
  <property name="id">Test Cases/CHC_Instance/PurchaseOrder_Module/PO_Stock_PurcahseOrder_CHC</property>
  <property name="source">C:\Users\azureuser\git\frameworks-regression-test-automation\Test Cases\CHC_Instance\PurchaseOrder_Module\PO_Stock_PurcahseOrder_CHC.tc</property>
  <property name="tag"></property>
  <property name="isOptional">false</property>
  <property name="currentRetryCount">0</property>
</record>
<record>
  <date>2025-01-06T14:18:41.315146500Z</date>
  <millis>1736173121315</millis>
  <nanos>146500</nanos>
  <sequence>7</sequence>
  <level>INFO</level>
  <class>com.kms.katalon.core.logging.XmlKeywordLogger</class>
  <method>logMessage</method>
  <thread>1</thread>
  <message>(Default) userName = manaki</message>
  <nestedLevel>1</nestedLevel>
  <escapedJava>false</escapedJava>
</record>
<record>
  <date>2025-01-06T14:18:41.358147200Z</date>
  <millis>1736173121358</millis>
  <nanos>147200</nanos>
  <sequence>8</sequence>
  <level>INFO</level>
  <class>com.kms.katalon.core.logging.XmlKeywordLogger</class>
  <method>logMessage</method>
  <thread>1</thread>
  <message>(Default) ExcelFile = C:\Users\azureuser\Documents\FrameworksAutomationTesting\TestData\CHC_Instance\SO_Module\TS5_PO_Stock_PurchaseOrder_testdata.xlsx</message>
  <nestedLevel>1</nestedLevel>
  <escapedJava>false</escapedJava>
</record>
<record>
  <date>2025-01-06T14:18:41.402149Z</date>
  <millis>1736173121402</millis>
  <nanos>149000</nanos>
  <sequence>9</sequence>
  <level>INFO</level>
  <class>com.kms.katalon.core.logging.XmlKeywordLogger</class>
  <method>logMessage</method>
  <thread>1</thread>
  <message>(Default) CustomerID = </message>
  <nestedLevel>1</nestedLevel>
  <escapedJava>false</escapedJava>
</record>
<record>
  <date>2025-01-06T14:18:42.021150800Z</date>
  <millis>1736173122021</millis>
  <nanos>150800</nanos>
  <sequence>10</sequence>
  <level>START</level>
  <class>com.kms.katalon.core.logging.XmlKeywordLogger</class>
  <method>startKeyword</method>
  <thread>1</thread>
  <message>Start action : openBrowser(&amp;quot;&amp;quot;)</message>
  <nestedLevel>1</nestedLevel>
  <escapedJava>false</escapedJava>
  <property name="startLine">25</property>
  <property name="stepIndex">1</property>
</record>
<record>
  <date>2025-01-06T14:18:42.646157Z</date>
  <millis>1736173122646</millis>
  <nanos>157000</nanos>
  <sequence>12</sequence>
  <level>INFO</level>
  <class>com.kms.katalon.core.logging.XmlKeywordLogger</class>
  <method>logMessage</method>
  <thread>1</thread>
  <message>Starting &amp;apos;Chrome&amp;apos; driver</message>
  <nestedLevel>1</nestedLevel>
  <escapedJava>false</escapedJava>
</record>
<record>
  <date>2025-01-06T14:18:42.737155400Z</date>
  <millis>1736173122737</millis>
  <nanos>155400</nanos>
  <sequence>14</sequence>
  <level>INFO</level>
  <class>com.kms.katalon.core.logging.XmlKeywordLogger</class>
  <method>logMessage</method>
  <thread>1</thread>
  <message>Action delay is set to 0 milliseconds</message>
  <nestedLevel>1</nestedLevel>
  <escapedJava>false</escapedJava>
</record>
<record>
  <date>2025-01-06T14:18:45.675179100Z</date>
  <millis>1736173125675</millis>
  <nanos>179100</nanos>
  <sequence>16</sequence>
  <level>RUN_DATA</level>
  <class>com.kms.katalon.core.logging.XmlKeywordLogger</class>
  <method>logMessage</method>
  <thread>1</thread>
  <message>sessionId = 3e55a095512cefcd6005275f006a1a08</message>
  <nestedLevel>1</nestedLevel>
  <escapedJava>false</escapedJava>
  <property name="sessionId">3e55a095512cefcd6005275f006a1a08</property>
</record>
<record>
  <date>2025-01-06T14:18:45.734180300Z</date>
  <millis>1736173125734</millis>
  <nanos>180300</nanos>
  <sequence>17</sequence>
  <level>RUN_DATA</level>
  <class>com.kms.katalon.core.logging.XmlKeywordLogger</class>
  <method>logMessage</method>
  <thread>1</thread>
  <message>browser = Chrome 131.0.0.0</message>
  <nestedLevel>1</nestedLevel>
  <escapedJava>false</escapedJava>
  <property name="browser">Chrome 131.0.0.0</property>
</record>
<record>
  <date>2025-01-06T14:18:45.735179200Z</date>
  <millis>1736173125735</millis>
  <nanos>179200</nanos>
  <sequence>18</sequence>
  <level>RUN_DATA</level>
  <class>com.kms.katalon.core.logging.XmlKeywordLogger</class>
  <method>logMessage</method>
  <thread>1</thread>
  <message>platform = Windows 11</message>
  <nestedLevel>1</nestedLevel>
  <escapedJava>false</escapedJava>
  <property name="platform">Windows 11</property>
</record>
<record>
  <date>2025-01-06T14:18:45.735179200Z</date>
  <millis>1736173125735</millis>
  <nanos>179200</nanos>
  <sequence>19</sequence>
  <level>RUN_DATA</level>
  <class>com.kms.katalon.core.logging.XmlKeywordLogger</class>
  <method>logMessage</method>
  <thread>1</thread>
  <message>seleniumVersion = 3.141.59</message>
  <nestedLevel>1</nestedLevel>
  <escapedJava>false</escapedJava>
  <property name="seleniumVersion">3.141.59</property>
</record>
<record>
  <date>2025-01-06T14:18:45.737180Z</date>
  <millis>1736173125737</millis>
  <nanos>180000</nanos>
  <sequence>20</sequence>
  <level>RUN_DATA</level>
  <class>com.kms.katalon.core.logging.XmlKeywordLogger</class>
  <method>logMessage</method>
  <thread>1</thread>
  <message>proxyInformation = ProxyInformation { proxyOption=NO_PROXY, proxyServerType=HTTP, username=, password=********, proxyServerAddress=, proxyServerPort=0, executionList=&amp;quot;&amp;quot;, isApplyToDesiredCapabilities=true }</message>
  <nestedLevel>1</nestedLevel>
  <escapedJava>false</escapedJava>
  <property name="proxyInformation">ProxyInformation { proxyOption=NO_PROXY, proxyServerType=HTTP, username=, password=********, proxyServerAddress=, proxyServerPort=0, executionList=&quot;&quot;, isApplyToDesiredCapabilities=true }</property>
</record>
<record>
  <date>2025-01-06T14:18:45.773179600Z</date>
  <millis>1736173125773</millis>
  <nanos>179600</nanos>
  <sequence>21</sequence>
  <level>PASSED</level>
  <class>com.kms.katalon.core.logging.XmlKeywordLogger</class>
  <method>logMessage</method>
  <thread>1</thread>
  <message>Browser is opened with url: &amp;apos;&amp;apos;</message>
  <nestedLevel>1</nestedLevel>
  <escapedJava>false</escapedJava>
  <property name="testops-method-name">com.kms.katalon.core.webui.keyword.builtin.OpenBrowserKeyword.openBrowser</property>
  <property name="testops-execution-stacktrace"></property>
</record>
<record>
  <date>2025-01-06T14:18:45.776180400Z</date>
  <millis>1736173125776</millis>
  <nanos>180400</nanos>
  <sequence>22</sequence>
  <level>END</level>
  <class>com.kms.katalon.core.logging.XmlKeywordLogger</class>
  <method>endKeyword</method>
  <thread>1</thread>
  <message>End action : openBrowser(&amp;quot;&amp;quot;)</message>
  <nestedLevel>1</nestedLevel>
  <escapedJava>false</escapedJava>
</record>
<record>
  <date>2025-01-06T14:18:45.776180400Z</date>
  <millis>1736173125776</millis>
  <nanos>180400</nanos>
  <sequence>23</sequence>
  <level>START</level>
  <class>com.kms.katalon.core.logging.XmlKeywordLogger</class>
  <method>startKeyword</method>
  <thread>1</thread>
  <message>Start action : maximizeWindow()</message>
  <nestedLevel>1</nestedLevel>
  <escapedJava>false</escapedJava>
  <property name="startLine">27</property>
  <property name="stepIndex">2</property>
</record>
<record>
  <date>2025-01-06T14:18:46.051181800Z</date>
  <millis>1736173126051</millis>
  <nanos>181800</nanos>
  <sequence>25</sequence>
  <level>PASSED</level>
  <class>com.kms.katalon.core.logging.XmlKeywordLogger</class>
  <method>logMessage</method>
  <thread>1</thread>
  <message>Current window maximized</message>
  <nestedLevel>1</nestedLevel>
  <escapedJava>false</escapedJava>
  <property name="testops-method-name">com.kms.katalon.core.webui.keyword.builtin.MaximizeWindowKeyword.maximizeWindow</property>
  <property name="testops-execution-stacktrace"></property>
</record>
<record>
  <date>2025-01-06T14:18:46.054183800Z</date>
  <millis>1736173126054</millis>
  <nanos>183800</nanos>
  <sequence>26</sequence>
  <level>END</level>
  <class>com.kms.katalon.core.logging.XmlKeywordLogger</class>
  <method>endKeyword</method>
  <thread>1</thread>
  <message>End action : maximizeWindow()</message>
  <nestedLevel>1</nestedLevel>
  <escapedJava>false</escapedJava>
</record>
<record>
  <date>2025-01-06T14:18:46.054183800Z</date>
  <millis>1736173126054</millis>
  <nanos>183800</nanos>
  <sequence>27</sequence>
  <level>START</level>
  <class>com.kms.katalon.core.logging.XmlKeywordLogger</class>
  <method>startKeyword</method>
  <thread>1</thread>
  <message>Start action : navigateToUrl(&amp;quot;http://frameworks.cairnshardware.com.au:8080/FWDemo2/Fluid.html#homeDashboard,dash,Frameworks.Activity.Menu.HomeDashBoard&amp;quot;)</message>
  <nestedLevel>1</nestedLevel>
  <escapedJava>false</escapedJava>
  <property name="startLine">29</property>
  <property name="stepIndex">3</property>
</record>
<record>
  <date>2025-01-06T14:18:50.252283800Z</date>
  <millis>1736173130252</millis>
  <nanos>283800</nanos>
  <sequence>30</sequence>
  <level>PASSED</level>
  <class>com.kms.katalon.core.logging.XmlKeywordLogger</class>
  <method>logMessage</method>
  <thread>1</thread>
  <message>Navigate to &amp;apos;http://frameworks.cairnshardware.com.au:8080/FWDemo2/Fluid.html#homeDashboard,dash,Frameworks.Activity.Menu.HomeDashBoard&amp;apos; successfully</message>
  <nestedLevel>1</nestedLevel>
  <escapedJava>false</escapedJava>
  <property name="testops-method-name">com.kms.katalon.core.webui.keyword.builtin.NavigateToUrlKeyword.navigateToUrl</property>
  <property name="testops-execution-stacktrace"></property>
</record>
<record>
  <date>2025-01-06T14:18:50.257285700Z</date>
  <millis>1736173130257</millis>
  <nanos>285700</nanos>
  <sequence>31</sequence>
  <level>END</level>
  <class>com.kms.katalon.core.logging.XmlKeywordLogger</class>
  <method>endKeyword</method>
  <thread>1</thread>
  <message>End action : navigateToUrl(&amp;quot;http://frameworks.cairnshardware.com.au:8080/FWDemo2/Fluid.html#homeDashboard,dash,Frameworks.Activity.Menu.HomeDashBoard&amp;quot;)</message>
  <nestedLevel>1</nestedLevel>
  <escapedJava>false</escapedJava>
</record>
<record>
  <date>2025-01-06T14:18:50.257285700Z</date>
  <millis>1736173130257</millis>
  <nanos>285700</nanos>
  <sequence>32</sequence>
  <level>START</level>
  <class>com.kms.katalon.core.logging.XmlKeywordLogger</class>
  <method>startKeyword</method>
  <thread>1</thread>
  <message>Start action : delay(3)</message>
  <nestedLevel>1</nestedLevel>
  <escapedJava>false</escapedJava>
  <property name="startLine">31</property>
  <property name="stepIndex">4</property>
</record>
<record>
  <date>2025-01-06T14:18:53.323445Z</date>
  <millis>1736173133323</millis>
  <nanos>445000</nanos>
  <sequence>34</sequence>
  <level>PASSED</level>
  <class>com.kms.katalon.core.logging.XmlKeywordLogger</class>
  <method>logMessage</method>
  <thread>1</thread>
  <message>Delayed 3 second(s)</message>
  <nestedLevel>1</nestedLevel>
  <escapedJava>false</escapedJava>
  <property name="testops-method-name">com.kms.katalon.core.keyword.builtin.DelayKeyword.delay</property>
  <property name="testops-execution-stacktrace"></property>
</record>
<record>
  <date>2025-01-06T14:18:53.323445Z</date>
  <millis>1736173133323</millis>
  <nanos>445000</nanos>
  <sequence>35</sequence>
  <level>END</level>
  <class>com.kms.katalon.core.logging.XmlKeywordLogger</class>
  <method>endKeyword</method>
  <thread>1</thread>
  <message>End action : delay(3)</message>
  <nestedLevel>1</nestedLevel>
  <escapedJava>false</escapedJava>
</record>
<record>
  <date>2025-01-06T14:18:53.339871300Z</date>
  <millis>1736173133339</millis>
  <nanos>871300</nanos>
  <sequence>36</sequence>
  <level>START</level>
  <class>com.kms.katalon.core.logging.XmlKeywordLogger</class>
  <method>startKeyword</method>
  <thread>1</thread>
  <message>Start action : setText(findTestObject(&amp;quot;Object Repository/SO_Quote_COD_CHC/Page_Frameworks (Demo)/input_User ID_userid&amp;quot;), userName)</message>
  <nestedLevel>1</nestedLevel>
  <escapedJava>false</escapedJava>
  <property name="startLine">33</property>
  <property name="stepIndex">5</property>
</record>
<record>
  <date>2025-01-06T14:18:55.194301Z</date>
  <millis>1736173135194</millis>
  <nanos>301000</nanos>
  <sequence>52</sequence>
  <level>PASSED</level>
  <class>com.kms.katalon.core.logging.XmlKeywordLogger</class>
  <method>logMessage</method>
  <thread>1</thread>
  <message>Text &amp;apos;manaki&amp;apos; is set on object &amp;apos;Object Repository/SO_Quote_COD_CHC/Page_Frameworks (Demo)/input_User ID_userid&amp;apos;</message>
  <nestedLevel>1</nestedLevel>
  <escapedJava>false</escapedJava>
  <property name="testops-method-name">com.kms.katalon.core.webui.keyword.builtin.SetTextKeyword.setText</property>
  <property name="testops-execution-stacktrace"></property>
</record>
<record>
  <date>2025-01-06T14:18:55.199798100Z</date>
  <millis>1736173135199</millis>
  <nanos>798100</nanos>
  <sequence>53</sequence>
  <level>END</level>
  <class>com.kms.katalon.core.logging.XmlKeywordLogger</class>
  <method>endKeyword</method>
  <thread>1</thread>
  <message>End action : setText(findTestObject(&amp;quot;Object Repository/SO_Quote_COD_CHC/Page_Frameworks (Demo)/input_User ID_userid&amp;quot;), userName)</message>
  <nestedLevel>1</nestedLevel>
  <escapedJava>false</escapedJava>
</record>
<record>
  <date>2025-01-06T14:18:55.199798100Z</date>
  <millis>1736173135199</millis>
  <nanos>798100</nanos>
  <sequence>54</sequence>
  <level>START</level>
  <class>com.kms.katalon.core.logging.XmlKeywordLogger</class>
  <method>startKeyword</method>
  <thread>1</thread>
  <message>Start action : setEncryptedText(findTestObject(&amp;quot;Object Repository/SO_Quote_COD_CHC/Page_Frameworks (Demo)/input_Password_password&amp;quot;), &amp;quot;BvRmjN+0xFM=&amp;quot;)</message>
  <nestedLevel>1</nestedLevel>
  <escapedJava>false</escapedJava>
  <property name="startLine">35</property>
  <property name="stepIndex">6</property>
</record>
<record>
  <date>2025-01-06T14:18:56.008997600Z</date>
  <millis>1736173136008</millis>
  <nanos>997600</nanos>
  <sequence>65</sequence>
  <level>PASSED</level>
  <class>com.kms.katalon.core.logging.XmlKeywordLogger</class>
  <method>logMessage</method>
  <thread>1</thread>
  <message>Text ****** has been set on object &amp;apos;Object Repository/SO_Quote_COD_CHC/Page_Frameworks (Demo)/input_Password_password&amp;apos;</message>
  <nestedLevel>1</nestedLevel>
  <escapedJava>false</escapedJava>
  <property name="testops-method-name">com.kms.katalon.core.webui.keyword.builtin.SetEncryptedTextKeyword.setEncryptedText</property>
  <property name="testops-execution-stacktrace"></property>
</record>
<record>
  <date>2025-01-06T14:18:56.011568900Z</date>
  <millis>1736173136011</millis>
  <nanos>568900</nanos>
  <sequence>66</sequence>
  <level>END</level>
  <class>com.kms.katalon.core.logging.XmlKeywordLogger</class>
  <method>endKeyword</method>
  <thread>1</thread>
  <message>End action : setEncryptedText(findTestObject(&amp;quot;Object Repository/SO_Quote_COD_CHC/Page_Frameworks (Demo)/input_Password_password&amp;quot;), &amp;quot;BvRmjN+0xFM=&amp;quot;)</message>
  <nestedLevel>1</nestedLevel>
  <escapedJava>false</escapedJava>
</record>
<record>
  <date>2025-01-06T14:18:56.012614600Z</date>
  <millis>1736173136012</millis>
  <nanos>614600</nanos>
  <sequence>67</sequence>
  <level>START</level>
  <class>com.kms.katalon.core.logging.XmlKeywordLogger</class>
  <method>startKeyword</method>
  <thread>1</thread>
  <message>Start action : click(findTestObject(&amp;quot;Object Repository/SO_Quote_COD_CHC/Page_Frameworks (Demo)/div_Login&amp;quot;))</message>
  <nestedLevel>1</nestedLevel>
  <escapedJava>false</escapedJava>
  <property name="startLine">38</property>
  <property name="stepIndex">7</property>
</record>
<record>
  <date>2025-01-06T14:18:56.585203800Z</date>
  <millis>1736173136585</millis>
  <nanos>203800</nanos>
  <sequence>77</sequence>
  <level>PASSED</level>
  <class>com.kms.katalon.core.logging.XmlKeywordLogger</class>
  <method>logMessage</method>
  <thread>1</thread>
  <message>Object: &amp;apos;Object Repository/SO_Quote_COD_CHC/Page_Frameworks (Demo)/div_Login&amp;apos; is clicked on</message>
  <nestedLevel>1</nestedLevel>
  <escapedJava>false</escapedJava>
  <property name="testops-method-name">com.kms.katalon.core.webui.keyword.builtin.ClickKeyword.click</property>
  <property name="testops-execution-stacktrace"></property>
</record>
<record>
  <date>2025-01-06T14:18:56.587204700Z</date>
  <millis>1736173136587</millis>
  <nanos>204700</nanos>
  <sequence>78</sequence>
  <level>END</level>
  <class>com.kms.katalon.core.logging.XmlKeywordLogger</class>
  <method>endKeyword</method>
  <thread>1</thread>
  <message>End action : click(findTestObject(&amp;quot;Object Repository/SO_Quote_COD_CHC/Page_Frameworks (Demo)/div_Login&amp;quot;))</message>
  <nestedLevel>1</nestedLevel>
  <escapedJava>false</escapedJava>
</record>
<record>
  <date>2025-01-06T14:18:56.587204700Z</date>
  <millis>1736173136587</millis>
  <nanos>204700</nanos>
  <sequence>79</sequence>
  <level>START</level>
  <class>com.kms.katalon.core.logging.XmlKeywordLogger</class>
  <method>startKeyword</method>
  <thread>1</thread>
  <message>Start action : click(findTestObject(&amp;quot;Object Repository/SO_Quote_COD_CHC/Page_Frameworks (Demo)/Fws_Menu&amp;quot;))</message>
  <nestedLevel>1</nestedLevel>
  <escapedJava>false</escapedJava>
  <property name="startLine">40</property>
  <property name="stepIndex">8</property>
</record>
<record>
  <date>2025-01-06T14:19:00.033099300Z</date>
  <millis>1736173140033</millis>
  <nanos>99300</nanos>
  <sequence>89</sequence>
  <level>PASSED</level>
  <class>com.kms.katalon.core.logging.XmlKeywordLogger</class>
  <method>logMessage</method>
  <thread>1</thread>
  <message>Object: &amp;apos;Object Repository/SO_Quote_COD_CHC/Page_Frameworks (Demo)/Fws_Menu&amp;apos; is clicked on</message>
  <nestedLevel>1</nestedLevel>
  <escapedJava>false</escapedJava>
  <property name="testops-method-name">com.kms.katalon.core.webui.keyword.builtin.ClickKeyword.click</property>
  <property name="testops-execution-stacktrace"></property>
</record>
<record>
  <date>2025-01-06T14:19:00.035098200Z</date>
  <millis>1736173140035</millis>
  <nanos>98200</nanos>
  <sequence>90</sequence>
  <level>END</level>
  <class>com.kms.katalon.core.logging.XmlKeywordLogger</class>
  <method>endKeyword</method>
  <thread>1</thread>
  <message>End action : click(findTestObject(&amp;quot;Object Repository/SO_Quote_COD_CHC/Page_Frameworks (Demo)/Fws_Menu&amp;quot;))</message>
  <nestedLevel>1</nestedLevel>
  <escapedJava>false</escapedJava>
</record>
<record>
  <date>2025-01-06T14:19:00.036100Z</date>
  <millis>1736173140036</millis>
  <nanos>100000</nanos>
  <sequence>91</sequence>
  <level>START</level>
  <class>com.kms.katalon.core.logging.XmlKeywordLogger</class>
  <method>startKeyword</method>
  <thread>1</thread>
  <message>Start action : click(findTestObject(&amp;quot;Object Repository/PO_Stock_PurchaseOrder_CHC/Page_Frameworks (Demo2)/b_Purchasing  Receipting&amp;quot;))</message>
  <nestedLevel>1</nestedLevel>
  <escapedJava>false</escapedJava>
  <property name="startLine">42</property>
  <property name="stepIndex">9</property>
</record>
<record>
  <date>2025-01-06T14:19:01.564229600Z</date>
  <millis>1736173141564</millis>
  <nanos>229600</nanos>
  <sequence>101</sequence>
  <level>PASSED</level>
  <class>com.kms.katalon.core.logging.XmlKeywordLogger</class>
  <method>logMessage</method>
  <thread>1</thread>
  <message>Object: &amp;apos;Object Repository/PO_Stock_PurchaseOrder_CHC/Page_Frameworks (Demo2)/b_Purchasing  Receipting&amp;apos; is clicked on</message>
  <nestedLevel>1</nestedLevel>
  <escapedJava>false</escapedJava>
  <property name="testops-method-name">com.kms.katalon.core.webui.keyword.builtin.ClickKeyword.click</property>
  <property name="testops-execution-stacktrace"></property>
</record>
<record>
  <date>2025-01-06T14:19:01.567229700Z</date>
  <millis>1736173141567</millis>
  <nanos>229700</nanos>
  <sequence>102</sequence>
  <level>END</level>
  <class>com.kms.katalon.core.logging.XmlKeywordLogger</class>
  <method>endKeyword</method>
  <thread>1</thread>
  <message>End action : click(findTestObject(&amp;quot;Object Repository/PO_Stock_PurchaseOrder_CHC/Page_Frameworks (Demo2)/b_Purchasing  Receipting&amp;quot;))</message>
  <nestedLevel>1</nestedLevel>
  <escapedJava>false</escapedJava>
</record>
<record>
  <date>2025-01-06T14:19:01.567229700Z</date>
  <millis>1736173141567</millis>
  <nanos>229700</nanos>
  <sequence>103</sequence>
  <level>START</level>
  <class>com.kms.katalon.core.logging.XmlKeywordLogger</class>
  <method>startKeyword</method>
  <thread>1</thread>
  <message>Start action : click(findTestObject(&amp;quot;Object Repository/PO_Stock_PurchaseOrder_CHC/Page_Frameworks (Demo2)/span_Purchasing  Receipting_isc_78icon_10&amp;quot;))</message>
  <nestedLevel>1</nestedLevel>
  <escapedJava>false</escapedJava>
  <property name="startLine">44</property>
  <property name="stepIndex">10</property>
</record>
<record>
  <date>2025-01-06T14:19:02.287066500Z</date>
  <millis>1736173142287</millis>
  <nanos>66500</nanos>
  <sequence>113</sequence>
  <level>PASSED</level>
  <class>com.kms.katalon.core.logging.XmlKeywordLogger</class>
  <method>logMessage</method>
  <thread>1</thread>
  <message>Object: &amp;apos;Object Repository/PO_Stock_PurchaseOrder_CHC/Page_Frameworks (Demo2)/span_Purchasing  Receipting_isc_78icon_10&amp;apos; is clicked on</message>
  <nestedLevel>1</nestedLevel>
  <escapedJava>false</escapedJava>
  <property name="testops-method-name">com.kms.katalon.core.webui.keyword.builtin.ClickKeyword.click</property>
  <property name="testops-execution-stacktrace"></property>
</record>
<record>
  <date>2025-01-06T14:19:02.290067500Z</date>
  <millis>1736173142290</millis>
  <nanos>67500</nanos>
  <sequence>114</sequence>
  <level>END</level>
  <class>com.kms.katalon.core.logging.XmlKeywordLogger</class>
  <method>endKeyword</method>
  <thread>1</thread>
  <message>End action : click(findTestObject(&amp;quot;Object Repository/PO_Stock_PurchaseOrder_CHC/Page_Frameworks (Demo2)/span_Purchasing  Receipting_isc_78icon_10&amp;quot;))</message>
  <nestedLevel>1</nestedLevel>
  <escapedJava>false</escapedJava>
</record>
<record>
  <date>2025-01-06T14:19:02.290067500Z</date>
  <millis>1736173142290</millis>
  <nanos>67500</nanos>
  <sequence>115</sequence>
  <level>START</level>
  <class>com.kms.katalon.core.logging.XmlKeywordLogger</class>
  <method>startKeyword</method>
  <thread>1</thread>
  <message>Start action : click(findTestObject(&amp;quot;Object Repository/PO_Stock_PurchaseOrder_CHC/Page_Frameworks (Demo2)/td_Purchase Orders&amp;quot;))</message>
  <nestedLevel>1</nestedLevel>
  <escapedJava>false</escapedJava>
  <property name="startLine">46</property>
  <property name="stepIndex">11</property>
</record>
<record>
  <date>2025-01-06T14:19:03.115791800Z</date>
  <millis>1736173143115</millis>
  <nanos>791800</nanos>
  <sequence>125</sequence>
  <level>PASSED</level>
  <class>com.kms.katalon.core.logging.XmlKeywordLogger</class>
  <method>logMessage</method>
  <thread>1</thread>
  <message>Object: &amp;apos;Object Repository/PO_Stock_PurchaseOrder_CHC/Page_Frameworks (Demo2)/td_Purchase Orders&amp;apos; is clicked on</message>
  <nestedLevel>1</nestedLevel>
  <escapedJava>false</escapedJava>
  <property name="testops-method-name">com.kms.katalon.core.webui.keyword.builtin.ClickKeyword.click</property>
  <property name="testops-execution-stacktrace"></property>
</record>
<record>
  <date>2025-01-06T14:19:03.118793600Z</date>
  <millis>1736173143118</millis>
  <nanos>793600</nanos>
  <sequence>126</sequence>
  <level>END</level>
  <class>com.kms.katalon.core.logging.XmlKeywordLogger</class>
  <method>endKeyword</method>
  <thread>1</thread>
  <message>End action : click(findTestObject(&amp;quot;Object Repository/PO_Stock_PurchaseOrder_CHC/Page_Frameworks (Demo2)/td_Purchase Orders&amp;quot;))</message>
  <nestedLevel>1</nestedLevel>
  <escapedJava>false</escapedJava>
</record>
<record>
  <date>2025-01-06T14:19:03.118793600Z</date>
  <millis>1736173143118</millis>
  <nanos>793600</nanos>
  <sequence>127</sequence>
  <level>START</level>
  <class>com.kms.katalon.core.logging.XmlKeywordLogger</class>
  <method>startKeyword</method>
  <thread>1</thread>
  <message>Start action : click(findTestObject(&amp;quot;Object Repository/PO_Stock_PurchaseOrder_CHC/Page_Frameworks (Demo2)/div_New&amp;quot;))</message>
  <nestedLevel>1</nestedLevel>
  <escapedJava>false</escapedJava>
  <property name="startLine">48</property>
  <property name="stepIndex">12</property>
</record>
<record>
  <date>2025-01-06T14:19:05.036179900Z</date>
  <millis>1736173145036</millis>
  <nanos>179900</nanos>
  <sequence>137</sequence>
  <level>PASSED</level>
  <class>com.kms.katalon.core.logging.XmlKeywordLogger</class>
  <method>logMessage</method>
  <thread>1</thread>
  <message>Object: &amp;apos;Object Repository/PO_Stock_PurchaseOrder_CHC/Page_Frameworks (Demo2)/div_New&amp;apos; is clicked on</message>
  <nestedLevel>1</nestedLevel>
  <escapedJava>false</escapedJava>
  <property name="testops-method-name">com.kms.katalon.core.webui.keyword.builtin.ClickKeyword.click</property>
  <property name="testops-execution-stacktrace"></property>
</record>
<record>
  <date>2025-01-06T14:19:05.038181100Z</date>
  <millis>1736173145038</millis>
  <nanos>181100</nanos>
  <sequence>138</sequence>
  <level>END</level>
  <class>com.kms.katalon.core.logging.XmlKeywordLogger</class>
  <method>endKeyword</method>
  <thread>1</thread>
  <message>End action : click(findTestObject(&amp;quot;Object Repository/PO_Stock_PurchaseOrder_CHC/Page_Frameworks (Demo2)/div_New&amp;quot;))</message>
  <nestedLevel>1</nestedLevel>
  <escapedJava>false</escapedJava>
</record>
<record>
  <date>2025-01-06T14:19:05.038181100Z</date>
  <millis>1736173145038</millis>
  <nanos>181100</nanos>
  <sequence>139</sequence>
  <level>START</level>
  <class>com.kms.katalon.core.logging.XmlKeywordLogger</class>
  <method>startKeyword</method>
  <thread>1</thread>
  <message>Start action : setText(findTestObject(&amp;quot;Object Repository/PO_Stock_PurchaseOrder_CHC/Page_Frameworks (Demo2)/input_Supplier No_idSupp&amp;quot;), &amp;quot;Recochem&amp;quot;)</message>
  <nestedLevel>1</nestedLevel>
  <escapedJava>false</escapedJava>
  <property name="startLine">50</property>
  <property name="stepIndex">13</property>
</record>
<record>
  <date>2025-01-06T14:19:09.928451300Z</date>
  <millis>1736173149928</millis>
  <nanos>451300</nanos>
  <sequence>155</sequence>
  <level>PASSED</level>
  <class>com.kms.katalon.core.logging.XmlKeywordLogger</class>
  <method>logMessage</method>
  <thread>1</thread>
  <message>Text &amp;apos;Recochem&amp;apos; is set on object &amp;apos;Object Repository/PO_Stock_PurchaseOrder_CHC/Page_Frameworks (Demo2)/input_Supplier No_idSupp&amp;apos;</message>
  <nestedLevel>1</nestedLevel>
  <escapedJava>false</escapedJava>
  <property name="testops-method-name">com.kms.katalon.core.webui.keyword.builtin.SetTextKeyword.setText</property>
  <property name="testops-execution-stacktrace"></property>
</record>
<record>
  <date>2025-01-06T14:19:09.930452200Z</date>
  <millis>1736173149930</millis>
  <nanos>452200</nanos>
  <sequence>156</sequence>
  <level>END</level>
  <class>com.kms.katalon.core.logging.XmlKeywordLogger</class>
  <method>endKeyword</method>
  <thread>1</thread>
  <message>End action : setText(findTestObject(&amp;quot;Object Repository/PO_Stock_PurchaseOrder_CHC/Page_Frameworks (Demo2)/input_Supplier No_idSupp&amp;quot;), &amp;quot;Recochem&amp;quot;)</message>
  <nestedLevel>1</nestedLevel>
  <escapedJava>false</escapedJava>
</record>
<record>
  <date>2025-01-06T14:19:09.931452400Z</date>
  <millis>1736173149931</millis>
  <nanos>452400</nanos>
  <sequence>157</sequence>
  <level>START</level>
  <class>com.kms.katalon.core.logging.XmlKeywordLogger</class>
  <method>startKeyword</method>
  <thread>1</thread>
  <message>Start action : click(findTestObject(&amp;quot;Object Repository/PO_Stock_PurchaseOrder_CHC/Page_Frameworks (Demo2)/div_Recochem Inc (RECOCHEM)&amp;quot;))</message>
  <nestedLevel>1</nestedLevel>
  <escapedJava>false</escapedJava>
  <property name="startLine">53</property>
  <property name="stepIndex">14</property>
</record>
<record>
  <date>2025-01-06T14:19:11.029874300Z</date>
  <millis>1736173151029</millis>
  <nanos>874300</nanos>
  <sequence>168</sequence>
  <level>PASSED</level>
  <class>com.kms.katalon.core.logging.XmlKeywordLogger</class>
  <method>logMessage</method>
  <thread>1</thread>
  <message>Object: &amp;apos;Object Repository/PO_Stock_PurchaseOrder_CHC/Page_Frameworks (Demo2)/div_Recochem Inc (RECOCHEM)&amp;apos; is clicked on</message>
  <nestedLevel>1</nestedLevel>
  <escapedJava>false</escapedJava>
  <property name="testops-method-name">com.kms.katalon.core.webui.keyword.builtin.ClickKeyword.click</property>
  <property name="testops-execution-stacktrace"></property>
</record>
<record>
  <date>2025-01-06T14:19:11.031449500Z</date>
  <millis>1736173151031</millis>
  <nanos>449500</nanos>
  <sequence>169</sequence>
  <level>END</level>
  <class>com.kms.katalon.core.logging.XmlKeywordLogger</class>
  <method>endKeyword</method>
  <thread>1</thread>
  <message>End action : click(findTestObject(&amp;quot;Object Repository/PO_Stock_PurchaseOrder_CHC/Page_Frameworks (Demo2)/div_Recochem Inc (RECOCHEM)&amp;quot;))</message>
  <nestedLevel>1</nestedLevel>
  <escapedJava>false</escapedJava>
</record>
<record>
  <date>2025-01-06T14:19:11.031449500Z</date>
  <millis>1736173151031</millis>
  <nanos>449500</nanos>
  <sequence>170</sequence>
  <level>START</level>
  <class>com.kms.katalon.core.logging.XmlKeywordLogger</class>
  <method>startKeyword</method>
  <thread>1</thread>
  <message>Start action : click(findTestObject(&amp;quot;Object Repository/PO_Stock_PurchaseOrder_CHC/Page_Frameworks (Demo2)/div_501 - DEMONSTRATION BRANCH 501&amp;quot;))</message>
  <nestedLevel>1</nestedLevel>
  <escapedJava>false</escapedJava>
  <property name="startLine">55</property>
  <property name="stepIndex">15</property>
</record>
<record>
  <date>2025-01-06T14:19:42.167841300Z</date>
  <millis>1736173182167</millis>
  <nanos>841300</nanos>
  <sequence>258</sequence>
  <level>INFO</level>
  <class>com.kms.katalon.core.logging.XmlKeywordLogger</class>
  <method>logMessage</method>
  <thread>1</thread>
  <message>Unable to find the element located by &amp;apos;By.xpath: //div[@id=&amp;apos;isc_FN&amp;apos;]&amp;apos;. Please recheck the objects properties to make sure the desired element is located. </message>
  <nestedLevel>1</nestedLevel>
  <escapedJava>false</escapedJava>
</record>
<record>
  <date>2025-01-06T14:19:42.167841300Z</date>
  <millis>1736173182167</millis>
  <nanos>841300</nanos>
  <sequence>259</sequence>
  <level>WARNING</level>
  <class>com.kms.katalon.core.logging.XmlKeywordLogger</class>
  <method>logMessage</method>
  <thread>1</thread>
  <message>[SELF-HEALING] Failed to find element with id &amp;apos;Object Repository/PO_Stock_PurchaseOrder_CHC/Page_Frameworks (Demo2)/div_501 - DEMONSTRATION BRANCH 501&amp;apos;. Try using Self-healing.</message>
  <nestedLevel>1</nestedLevel>
  <escapedJava>false</escapedJava>
</record>
<record>
  <date>2025-01-06T14:19:42.510764Z</date>
  <millis>1736173182510</millis>
  <nanos>764000</nanos>
  <sequence>261</sequence>
  <level>INFO</level>
  <class>com.kms.katalon.core.logging.XmlKeywordLogger</class>
  <method>logMessage</method>
  <thread>1</thread>
  <message>[SELF-HEALING] Failed Locator: &amp;apos;//div[@id=&amp;apos;isc_FN&amp;apos;]&amp;apos;.</message>
  <nestedLevel>1</nestedLevel>
  <escapedJava>false</escapedJava>
</record>
<record>
  <date>2025-01-06T14:19:42.793760500Z</date>
  <millis>1736173182793</millis>
  <nanos>760500</nanos>
  <sequence>263</sequence>
  <level>INFO</level>
  <class>com.kms.katalon.core.logging.XmlKeywordLogger</class>
  <method>logMessage</method>
  <thread>1</thread>
  <message>[SELF-HEALING] Failed Locator: &amp;apos;//table[@id=&amp;apos;isc_FO&amp;apos;]/tbody/tr/td/div&amp;apos;.</message>
  <nestedLevel>1</nestedLevel>
  <escapedJava>false</escapedJava>
</record>
<record>
  <date>2025-01-06T14:19:43.121789800Z</date>
  <millis>1736173183121</millis>
  <nanos>789800</nanos>
  <sequence>265</sequence>
  <level>INFO</level>
  <class>com.kms.katalon.core.logging.XmlKeywordLogger</class>
  <method>logMessage</method>
  <thread>1</thread>
  <message>[SELF-HEALING] Working Locator: &amp;apos;(.//*[normalize-space(text()) and normalize-space(.)=&amp;apos;Order Branch&amp;apos;])[1]/following::div[1]&amp;apos;.</message>
  <nestedLevel>1</nestedLevel>
  <escapedJava>false</escapedJava>
</record>
<record>
  <date>2025-01-06T14:19:43.495797900Z</date>
  <millis>1736173183495</millis>
  <nanos>797900</nanos>
  <sequence>266</sequence>
  <level>INFO</level>
  <class>com.kms.katalon.core.logging.XmlKeywordLogger</class>
  <method>logMessage</method>
  <thread>1</thread>
  <message>[SELF-HEALING] Screenshot: C:/Users/azureuser/git/frameworks-regression-test-automation/Reports/Self-healing/Object Repository/PO_Stock_PurchaseOrder_CHC/Page_Frameworks (Demo2)/div_501 - DEMONSTRATION BRANCH 501_neighbor.png</message>
  <nestedLevel>1</nestedLevel>
  <escapedJava>false</escapedJava>
</record>
<record>
  <date>2025-01-06T14:19:43.542628800Z</date>
  <millis>1736173183542</millis>
  <nanos>628800</nanos>
  <sequence>267</sequence>
  <level>WARNING</level>
  <class>com.kms.katalon.core.logging.XmlKeywordLogger</class>
  <method>logMessage</method>
  <thread>1</thread>
  <message>[SELF-HEALING] The current locator of test object &amp;apos;Object Repository/PO_Stock_PurchaseOrder_CHC/Page_Frameworks (Demo2)/div_501 - DEMONSTRATION BRANCH 501&amp;apos; was broken. Propose an alternative one: &amp;apos;(.//*[normalize-space(text()) and normalize-space(.)=&amp;apos;Order Branch&amp;apos;])[1]/following::div[1]&amp;apos;.</message>
  <nestedLevel>1</nestedLevel>
  <escapedJava>false</escapedJava>
</record>
<record>
  <date>2025-01-06T14:19:43.750046300Z</date>
  <millis>1736173183750</millis>
  <nanos>46300</nanos>
  <sequence>269</sequence>
  <level>PASSED</level>
  <class>com.kms.katalon.core.logging.XmlKeywordLogger</class>
  <method>logMessage</method>
  <thread>1</thread>
  <message>Object: &amp;apos;Object Repository/PO_Stock_PurchaseOrder_CHC/Page_Frameworks (Demo2)/div_501 - DEMONSTRATION BRANCH 501&amp;apos; is clicked on</message>
  <nestedLevel>1</nestedLevel>
  <escapedJava>false</escapedJava>
  <property name="testops-method-name">com.kms.katalon.core.webui.keyword.builtin.ClickKeyword.click</property>
  <property name="testops-execution-stacktrace"></property>
</record>
<record>
  <date>2025-01-06T14:19:43.754045500Z</date>
  <millis>1736173183754</millis>
  <nanos>45500</nanos>
  <sequence>270</sequence>
  <level>END</level>
  <class>com.kms.katalon.core.logging.XmlKeywordLogger</class>
  <method>endKeyword</method>
  <thread>1</thread>
  <message>End action : click(findTestObject(&amp;quot;Object Repository/PO_Stock_PurchaseOrder_CHC/Page_Frameworks (Demo2)/div_501 - DEMONSTRATION BRANCH 501&amp;quot;))</message>
  <nestedLevel>1</nestedLevel>
  <escapedJava>false</escapedJava>
</record>
<record>
  <date>2025-01-06T14:19:43.755046600Z</date>
  <millis>1736173183755</millis>
  <nanos>46600</nanos>
  <sequence>271</sequence>
  <level>START</level>
  <class>com.kms.katalon.core.logging.XmlKeywordLogger</class>
  <method>startKeyword</method>
  <thread>1</thread>
  <message>Start action : click(findTestObject(&amp;quot;Object Repository/PO_Stock_PurchaseOrder_CHC/Page_Frameworks (Demo2)/div_510 - DEMONSTRATION BRANCH 510&amp;quot;))</message>
  <nestedLevel>1</nestedLevel>
  <escapedJava>false</escapedJava>
  <property name="startLine">57</property>
  <property name="stepIndex">16</property>
</record>
